2025-02-12 17:12:40,725 - INFO - Starting API fetch process...
2025-02-12 17:12:40,901 - INFO - Fetched 38 records for NIM
2025-02-12 17:12:41,085 - INFO - Fetched 0 records for LDR
2025-02-12 17:12:41,383 - INFO - Fetched 18 records for NPL
2025-02-12 17:12:41,572 - INFO - Fetched 18 records for CAR
2025-02-12 17:12:41,574 - INFO - Data saved to indonesia_banking_analysis/data/raw/raw_banking_metrics_2025-02-12.csv
2025-02-12 17:12:41,995 - INFO - Starting API fetch process...
2025-02-12 17:12:42,514 - INFO - Fetched 38 records for NIM
2025-02-12 17:12:42,640 - INFO - Fetched 0 records for LDR
2025-02-12 17:12:42,763 - INFO - Fetched 18 records for NPL
2025-02-12 17:12:42,883 - INFO - Fetched 18 records for CAR
2025-02-12 17:12:42,885 - INFO - Data saved to indonesia_banking_analysis/data/raw/raw_banking_metrics_2025-02-12.csv
2025-02-13 00:45:41,036 - INFO - Starting API fetch process...
2025-02-13 00:45:41,302 - INFO - Fetched 38 records for NIM
2025-02-13 00:45:41,560 - INFO - Fetched 0 records for LDR
2025-02-13 00:45:41,782 - INFO - Fetched 18 records for NPL
2025-02-13 00:45:42,068 - INFO - Fetched 18 records for CAR
2025-02-13 00:45:42,070 - INFO - Data saved to indonesia_banking_analysis/data/raw/raw_banking_metrics_2025-02-13.csv
2025-02-13 00:45:42,503 - INFO - Starting API fetch process...
2025-02-13 00:45:42,738 - INFO - Fetched 38 records for NIM
2025-02-13 00:45:43,195 - INFO - Fetched 0 records for LDR
2025-02-13 00:45:43,429 - INFO - Fetched 18 records for NPL
2025-02-13 00:45:43,646 - INFO - Fetched 18 records for CAR
2025-02-13 00:45:43,648 - INFO - Data saved to indonesia_banking_analysis/data/raw/raw_banking_metrics_2025-02-13.csv
2025-02-13 05:39:28,812 - INFO - Starting API fetch process...
2025-02-13 05:39:29,003 - INFO - Fetched 38 records for NIM
2025-02-13 05:39:29,117 - INFO - Fetched 0 records for LDR
2025-02-13 05:39:29,244 - INFO - Fetched 18 records for NPL
2025-02-13 05:39:29,345 - INFO - Fetched 18 records for CAR
2025-02-13 05:39:29,347 - INFO - Data saved to indonesia_banking_analysis/data/raw/raw_banking_metrics_2025-02-13.csv
2025-02-14 00:45:08,962 - INFO - Starting API fetch process...
2025-02-14 00:45:09,456 - INFO - Fetched 38 records for NIM
2025-02-14 00:45:09,671 - INFO - Fetched 0 records for LDR
2025-02-14 00:45:09,918 - INFO - Fetched 18 records for NPL
2025-02-14 00:45:10,205 - INFO - Fetched 18 records for CAR
2025-02-14 00:45:10,207 - INFO - Data saved to indonesia_banking_analysis/data/raw/raw_banking_metrics_2025-02-14.csv
2025-02-15 00:44:37,132 - INFO - Starting API fetch process...
2025-02-15 00:44:37,253 - INFO - Fetched 38 records for NIM
2025-02-15 00:44:37,464 - INFO - Fetched 0 records for LDR
2025-02-15 00:44:37,583 - INFO - Fetched 18 records for NPL
2025-02-15 00:44:37,969 - INFO - Fetched 18 records for CAR
2025-02-15 00:44:37,972 - INFO - Data saved to indonesia_banking_analysis/data/raw/raw_banking_metrics_2025-02-15.csv
